Using pre-set license
Built from '2020.2/staging' branch; Version is '2020.2.7f1 (c53830e277f1) revision 12924976'; Using compiler version '192528614'; Build Type 'Release'
OS: 'Windows 10 Pro; OS build 19042.1466; Version 2009; 64bit' Language: 'pt' Physical Memory: 16303 MB
BatchMode: 1, IsHumanControllingUs: 0, StartBugReporterOnCrash: 0, Is64bit: 1, IsPro: 0

 COMMAND LINE ARGUMENTS:
C:\Program Files\Unity\Editor\Unity.exe
-adb2
-batchMode
-noUpm
-name
AssetImportWorker0
-projectPath
D:/unity www/ProjectBoost
-logFile
Logs/AssetImportWorker0.log
-srvPort
53521
Successfully changed project path to: D:/unity www/ProjectBoost
D:/unity www/ProjectBoost
Using Asset Import Pipeline V2.
Refreshing native plugins compatible for Editor in 20.65 ms, found 0 plugins.
Preloading 0 native plugins for Editor in 0.00 ms.
Initialize engine version: 2020.2.7f1 (c53830e277f1)
[Subsystems] Discovering subsystems at path C:/Program Files/Unity/Editor/Data/Resources/UnitySubsystems
[Subsystems] Discovering subsystems at path D:/unity www/ProjectBoost/Assets
GfxDevice: creating device client; threaded=0
Direct3D:
    Version:  Direct3D 11.0 [level 11.1]
    Renderer: NVIDIA GeForce GTX 1080 (ID=0x1b80)
    Vendor:   
    VRAM:     8079 MB
    Driver:   30.0.14.9613
Initialize mono
Mono path[0] = 'C:/Program Files/Unity/Editor/Data/Managed'
Mono path[1] = 'C:/Program Files/Unity/Editor/Data/MonoBleedingEdge/lib/mono/unityjit'
Mono config path = 'C:/Program Files/Unity/Editor/Data/MonoBleedingEdge/etc'
Using monoOptions --debugger-agent=transport=dt_socket,embedding=1,server=y,suspend=n,address=127.0.0.1:56112
Begin MonoManager ReloadAssembly
Registering precompiled unity dll's ...
Register platform support module: C:/Program Files/Unity/Editor/Data/PlaybackEngines/WindowsStandaloneSupport/UnityEditor.WindowsStandalone.Extensions.dll
Registered in 0.001765 seconds.
Native extension for WindowsStandalone target not found
Refreshing native plugins compatible for Editor in 20.99 ms, found 0 plugins.
Preloading 0 native plugins for Editor in 0.00 ms.
Invoked RoslynAnalysisRunner static constructor.
RoslynAnalysisRunner will not be running.
RoslynAnalysisRunner has terminated.
Mono: successfully reloaded assembly
- Completed reload, in  0.970 seconds
Platform modules already initialized, skipping
Registering precompiled user dll's ...
Registered in 0.000467 seconds.
Begin MonoManager ReloadAssembly
Native extension for WindowsStandalone target not found
Refreshing native plugins compatible for Editor in 0.17 ms, found 0 plugins.
Preloading 0 native plugins for Editor in 0.00 ms.
Invoked RoslynAnalysisRunner static constructor.
RoslynAnalysisRunner will not be running.
RoslynAnalysisRunner has terminated.
Mono: successfully reloaded assembly
- Completed reload, in  0.757 seconds
Platform modules already initialized, skipping
========================================================================
Worker process is ready to serve import requests
Launched and connected shader compiler UnityShaderCompiler.exe after 0.04 seconds
Refreshing native plugins compatible for Editor in 0.17 ms, found 0 plugins.
Preloading 0 native plugins for Editor in 0.00 ms.
Unloading 1114 Unused Serialized files (Serialized files now loaded: 0)
System memory in use before: 57.0 MB.
System memory in use after: 57.0 MB.

Unloading 10 unused Assets to reduce memory usage. Loaded Objects now: 1556.
Total: 1.684200 ms (FindLiveObjects: 0.102800 ms CreateObjectMapping: 0.031900 ms MarkObjects: 1.476300 ms  DeleteObjects: 0.072300 ms)

========================================================================
Received Import Request.
  path: ProjectSettings/TagManager.asset
  artifactKey: Guid(00000000000000003000000000000000) Importer(815301076,1909f56bfc062723c751e8b465ee728b)
Start importing ProjectSettings/TagManager.asset using Guid(00000000000000003000000000000000) Importer(815301076,1909f56bfc062723c751e8b465ee728b)  -> (artifact id: 'e3ba6aeec6fd3a9cd292f7a81672dcca') in 0.039596 seconds
  Import took 0.066143 seconds .

========================================================================
Received Import Request.
  Time since last request: 1012.198343 seconds.
  path: Assets/fuel.fbx
  artifactKey: Guid(23c29640119984944a788fcccb77d87e) Importer(815301076,1909f56bfc062723c751e8b465ee728b)
Start importing Assets/fuel.fbx using Guid(23c29640119984944a788fcccb77d87e) Importer(815301076,1909f56bfc062723c751e8b465ee728b)  -> (artifact id: '6a8345cc04c826402b56cc07be098c1b') in 0.118158 seconds
  Import took 0.120343 seconds .

========================================================================
Received Import Request.
  Time since last request: 11.501158 seconds.
  path: Assets/fuel.prefab
  artifactKey: Guid(f65ff9e2308cd694aba3382fd4d9262a) Importer(815301076,1909f56bfc062723c751e8b465ee728b)
Start importing Assets/fuel.prefab using Guid(f65ff9e2308cd694aba3382fd4d9262a) Importer(815301076,1909f56bfc062723c751e8b465ee728b)  -> (artifact id: '9da62e0435ebf125056bb6f48586388a') in 0.011473 seconds
  Import took 0.013374 seconds .

========================================================================
Received Import Request.
  Time since last request: 0.001133 seconds.
  path: Assets/fuel.prefab
  artifactKey: Guid(f65ff9e2308cd694aba3382fd4d9262a) Importer(815301076,1909f56bfc062723c751e8b465ee728b)
Start importing Assets/fuel.prefab using Guid(f65ff9e2308cd694aba3382fd4d9262a) Importer(815301076,1909f56bfc062723c751e8b465ee728b)  -> (artifact id: '9da62e0435ebf125056bb6f48586388a') in 0.008707 seconds
  Import took 0.010404 seconds .

========================================================================
Received Import Request.
  Time since last request: 28.111817 seconds.
  path: Assets/fuel_DefaultMaterial_Normal.png
  artifactKey: Guid(40752d0654404ad4eb00dbec0b90ae49) Importer(815301076,1909f56bfc062723c751e8b465ee728b)
Start importing Assets/fuel_DefaultMaterial_Normal.png using Guid(40752d0654404ad4eb00dbec0b90ae49) Importer(815301076,1909f56bfc062723c751e8b465ee728b)  -> (artifact id: 'a52611a9de08875ecee46541f9405918') in 0.024650 seconds
  Import took 0.026396 seconds .

========================================================================
Received Import Request.
  Time since last request: 5.831022 seconds.
  path: Assets/fuel_DefaultMaterial_BaseMap.png
  artifactKey: Guid(002618e28d63c99419989b5c3a1730f0) Importer(815301076,1909f56bfc062723c751e8b465ee728b)
Start importing Assets/fuel_DefaultMaterial_BaseMap.png using Guid(002618e28d63c99419989b5c3a1730f0) Importer(815301076,1909f56bfc062723c751e8b465ee728b)  -> (artifact id: '6ebcac807f492fad1f7dcd6d1b940ac8') in 0.010829 seconds
  Import took 0.012563 seconds .

========================================================================
Received Import Request.
  Time since last request: 0.000250 seconds.
  path: Assets/fuel_DefaultMaterial_MaskMap 1.png
  artifactKey: Guid(e8670d9614d7cfa49aaf16ac079be651) Importer(815301076,1909f56bfc062723c751e8b465ee728b)
Start importing Assets/fuel_DefaultMaterial_MaskMap 1.png using Guid(e8670d9614d7cfa49aaf16ac079be651) Importer(815301076,1909f56bfc062723c751e8b465ee728b)  -> (artifact id: '7722a02c89261cdeb8550ba8d5409125') in 0.014300 seconds
  Import took 0.025459 seconds .

========================================================================
Received Import Request.
  Time since last request: 0.000265 seconds.
  path: Assets/fuel_DefaultMaterial_BaseMap.png
  artifactKey: Guid(002618e28d63c99419989b5c3a1730f0) Importer(815301076,1909f56bfc062723c751e8b465ee728b)
Start importing Assets/fuel_DefaultMaterial_BaseMap.png using Guid(002618e28d63c99419989b5c3a1730f0) Importer(815301076,1909f56bfc062723c751e8b465ee728b)  -> (artifact id: '6ebcac807f492fad1f7dcd6d1b940ac8') in 0.009707 seconds
  Import took 0.011412 seconds .

========================================================================
Received Import Request.
  Time since last request: 0.000240 seconds.
  path: Assets/fuel_DefaultMaterial_MaskMap.png
  artifactKey: Guid(d43fd46d03eddf24581b3c40f685703e) Importer(815301076,1909f56bfc062723c751e8b465ee728b)
Start importing Assets/fuel_DefaultMaterial_MaskMap.png using Guid(d43fd46d03eddf24581b3c40f685703e) Importer(815301076,1909f56bfc062723c751e8b465ee728b)  -> (artifact id: 'fbebf03bab6109db20a709c6d2be4da3') in 0.009691 seconds
  Import took 0.011284 seconds .

========================================================================
Received Import Request.
  Time since last request: 15.325712 seconds.
  path: Assets/New Material.mat
  artifactKey: Guid(1edff52cf3bf83e43b2662cb280b6e7b) Importer(815301076,1909f56bfc062723c751e8b465ee728b)
Start importing Assets/New Material.mat using Guid(1edff52cf3bf83e43b2662cb280b6e7b) Importer(815301076,1909f56bfc062723c751e8b465ee728b)  -> (artifact id: 'd166063b191f9d01277ff2e77a7290c6') in 0.025952 seconds
  Import took 0.027658 seconds .

========================================================================
Received Import Request.
  Time since last request: 7.176389 seconds.
  path: Assets/fuel_DefaultMaterial_Normal.png
  artifactKey: Guid(40752d0654404ad4eb00dbec0b90ae49) Importer(815301076,1909f56bfc062723c751e8b465ee728b)
Start importing Assets/fuel_DefaultMaterial_Normal.png using Guid(40752d0654404ad4eb00dbec0b90ae49) Importer(815301076,1909f56bfc062723c751e8b465ee728b)  -> (artifact id: 'e82dff447bfd057dd69946729182c8bc') in 0.012412 seconds
  Import took 0.014191 seconds .

========================================================================
Received Import Request.
  Time since last request: 29.069839 seconds.
  path: Assets/Textures/ship_DefaultMaterial_Normal.png
  artifactKey: Guid(8bf25cd7169c53643bc25db4bba12e6f) Importer(815301076,1909f56bfc062723c751e8b465ee728b)
Start importing Assets/Textures/ship_DefaultMaterial_Normal.png using Guid(8bf25cd7169c53643bc25db4bba12e6f) Importer(815301076,1909f56bfc062723c751e8b465ee728b)  -> (artifact id: 'b7a5095f7167366b2d949b5c1da3a79e') in 0.009262 seconds
  Import took 0.011256 seconds .

========================================================================
Received Import Request.
  Time since last request: 0.005090 seconds.
  path: Assets/Textures/ship_DefaultMaterial_Normal.png
  artifactKey: Guid(8bf25cd7169c53643bc25db4bba12e6f) Importer(815301076,1909f56bfc062723c751e8b465ee728b)
Start importing Assets/Textures/ship_DefaultMaterial_Normal.png using Guid(8bf25cd7169c53643bc25db4bba12e6f) Importer(815301076,1909f56bfc062723c751e8b465ee728b)  -> (artifact id: 'b7a5095f7167366b2d949b5c1da3a79e') in 0.008662 seconds
  Import took 0.010480 seconds .

========================================================================
Received Import Request.
  Time since last request: 240.639451 seconds.
  path: Assets/fuel.prefab
  artifactKey: Guid(f65ff9e2308cd694aba3382fd4d9262a) Importer(815301076,1909f56bfc062723c751e8b465ee728b)
Start importing Assets/fuel.prefab using Guid(f65ff9e2308cd694aba3382fd4d9262a) Importer(815301076,1909f56bfc062723c751e8b465ee728b)  -> (artifact id: 'ac2398f29db682a751c50b1c264077e3') in 0.010802 seconds
  Import took 0.024837 seconds .

========================================================================
Received Import Request.
  Time since last request: 0.000897 seconds.
  path: Assets/fuel.prefab
  artifactKey: Guid(f65ff9e2308cd694aba3382fd4d9262a) Importer(815301076,1909f56bfc062723c751e8b465ee728b)
Start importing Assets/fuel.prefab using Guid(f65ff9e2308cd694aba3382fd4d9262a) Importer(815301076,1909f56bfc062723c751e8b465ee728b)  -> (artifact id: 'ac2398f29db682a751c50b1c264077e3') in 0.007037 seconds
  Import took 0.008854 seconds .

========================================================================
Received Import Request.
  Time since last request: 26.006476 seconds.
  path: Assets/Materials/New Material 4.mat
  artifactKey: Guid(5d680a1d6e62ec64e86e34a0eef7810f) Importer(815301076,1909f56bfc062723c751e8b465ee728b)
Start importing Assets/Materials/New Material 4.mat using Guid(5d680a1d6e62ec64e86e34a0eef7810f) Importer(815301076,1909f56bfc062723c751e8b465ee728b)  -> (artifact id: 'b88606361ccf37f3541b304d02cf3e85') in 0.010896 seconds
  Import took 0.012902 seconds .

========================================================================
Received Import Request.
  Time since last request: 0.002054 seconds.
  path: Assets/Materials/New Material 4.mat
  artifactKey: Guid(5d680a1d6e62ec64e86e34a0eef7810f) Importer(815301076,1909f56bfc062723c751e8b465ee728b)
Start importing Assets/Materials/New Material 4.mat using Guid(5d680a1d6e62ec64e86e34a0eef7810f) Importer(815301076,1909f56bfc062723c751e8b465ee728b)  -> (artifact id: 'b88606361ccf37f3541b304d02cf3e85') in 0.009460 seconds
  Import took 0.011233 seconds .

========================================================================
Received Import Request.
  Time since last request: 27.961054 seconds.
  path: Assets/Models
  artifactKey: Guid(4c9867c15b796ee4f9093f2caa60719e) Importer(815301076,1909f56bfc062723c751e8b465ee728b)
Start importing Assets/Models using Guid(4c9867c15b796ee4f9093f2caa60719e) Importer(815301076,1909f56bfc062723c751e8b465ee728b)  -> (artifact id: '91b3c9674da340e7e3fa104fe6fc62ba') in 0.005681 seconds
  Import took 0.007336 seconds .

AssetImportWorkerClient::OnTransportError - code=2 error=End of file
